<?xml version="1.0" encoding="UTF-8"?>
<!-- Generated by org.testng.reporters.JUnitXMLReporter -->
<testsuite hostname="DESKTOP-DNJOJAA" ignored="0" name="com.SauceDemo Tests" tests="19" failures="0" timestamp="05 Jun 2022 17:54:27 GMT" time="38.394" errors="0">
  <testcase name="invalidLogInTest" time="0.243" classname="saucedemotest.LogInTest"/>
  <testcase name="logInTest" time="0.266" classname="saucedemotest.LogInTest"/>
  <testcase name="validateLogInButton" time="0.05" classname="saucedemotest.LogInTest"/>
  <testcase name="addBackPackToCart" time="0.351" classname="saucedemotest.AddItemsToCartTest"/>
  <testcase name="addBikeLightToCart" time="0.367" classname="saucedemotest.AddItemsToCartTest"/>
  <testcase name="addBoltShirtToCart" time="0.444" classname="saucedemotest.AddItemsToCartTest"/>
  <testcase name="addFleeceJacketToCart" time="0.353" classname="saucedemotest.AddItemsToCartTest"/>
  <testcase name="addMultipleItemsToCartTest" time="0.576" classname="saucedemotest.AddItemsToCartTest"/>
  <testcase name="addOnesieToCart" time="0.359" classname="saucedemotest.AddItemsToCartTest"/>
  <testcase name="addRedShirtToCart" time="0.367" classname="saucedemotest.AddItemsToCartTest"/>
  <testcase name="mulipleItemsCheckOutTest" time="0.955" classname="saucedemotest.CheckOutTest"/>
  <testcase name="singleItemCheckOutTest" time="0.787" classname="saucedemotest.CheckOutTest"/>
  <testcase name="dragDownAtoZTest" time="0.447" classname="saucedemotest.DragDownTest"/>
  <testcase name="dragDownHightoLowTest" time="0.4" classname="saucedemotest.DragDownTest"/>
  <testcase name="dragDownLowtoHighTest" time="0.445" classname="saucedemotest.DragDownTest"/>
  <testcase name="dragDownZtoATest" time="0.371" classname="saucedemotest.DragDownTest"/>
  <testcase name="menuBarAboutTest" time="1.189" classname="saucedemotest.MenuBarTest"/>
  <testcase name="menuBarAllItemsTest" time="0.531" classname="saucedemotest.MenuBarTest"/>
  <testcase name="menuBarLogoutTest" time="0.497" classname="saucedemotest.MenuBarTest"/>
</testsuite> <!-- com.SauceDemo Tests -->
