<?xml version="1.0" encoding="UTF-8"?>
<!-- Generated by org.testng.reporters.JUnitXMLReporter -->
<testsuite hostname="DESKTOP-DNJOJAA" ignored="0" name="com.UITAP Tests" tests="20" failures="0" timestamp="05 Jun 2022 17:53:49 GMT" time="40.845" errors="0">
  <testcase name="clickAjaxDataLink" time="0.175" classname="uitaptest.VerifyLinkTest"/>
  <testcase name="clickClassAttributeLink" time="0.152" classname="uitaptest.VerifyLinkTest"/>
  <testcase name="clickClientSideDelayLink" time="0.15" classname="uitaptest.VerifyLinkTest"/>
  <testcase name="clickDynamicTableLink" time="0.169" classname="uitaptest.VerifyLinkTest"/>
  <testcase name="clickHiddenLayerLink" time="0.141" classname="uitaptest.VerifyLinkTest"/>
  <testcase name="clickHomeTab" time="0.146" classname="uitaptest.VerifyLinkTest"/>
  <testcase name="clickLink" time="0.134" classname="uitaptest.VerifyLinkTest"/>
  <testcase name="clickLoadDelayLink" time="5.168" classname="uitaptest.VerifyLinkTest"/>
  <testcase name="clickLogo" time="0.144" classname="uitaptest.VerifyLinkTest"/>
  <testcase name="clickMouseOverLink" time="0.136" classname="uitaptest.VerifyLinkTest"/>
  <testcase name="clickNonBreakingSpaceLink" time="0.152" classname="uitaptest.VerifyLinkTest"/>
  <testcase name="clickOverlappedLink" time="0.145" classname="uitaptest.VerifyLinkTest"/>
  <testcase name="clickProgressBarLink" time="0.14" classname="uitaptest.VerifyLinkTest"/>
  <testcase name="clickResourcesTab" time="0.144" classname="uitaptest.VerifyLinkTest"/>
  <testcase name="clickSampleAppLink" time="0.151" classname="uitaptest.VerifyLinkTest"/>
  <testcase name="clickScrollBarsLink" time="0.144" classname="uitaptest.VerifyLinkTest"/>
  <testcase name="clickTextInputLink" time="0.156" classname="uitaptest.VerifyLinkTest"/>
  <testcase name="clickVerifyTextLink" time="0.151" classname="uitaptest.VerifyLinkTest"/>
  <testcase name="clickVisibilityLink" time="0.152" classname="uitaptest.VerifyLinkTest"/>
  <testcase name="dynamicIdLinkTest" time="0.134" classname="uitaptest.VerifyLinkTest"/>
</testsuite> <!-- com.UITAP Tests -->
