<?xml version="1.0" encoding="UTF-8"?>
<!-- Generated by org.testng.reporters.JUnitXMLReporter -->
<testsuite hostname="DESKTOP-DNJOJAA" ignored="0" name="com.UITAP Verification Link Tests" tests="14" failures="0" timestamp="04 Jun 2022 15:40:05 GMT" time="112.734" errors="0">
  <testcase name="ajaxDataLinkTest" time="6.291" classname="uitaptest.VerifyLinkTest"/>
  <testcase name="classAttributeLinkTest" time="6.19" classname="uitaptest.VerifyLinkTest"/>
  <testcase name="clickLinkTest" time="6.202" classname="uitaptest.VerifyLinkTest"/>
  <testcase name="clientSideDelayLinkTest" time="6.154" classname="uitaptest.VerifyLinkTest"/>
  <testcase name="dynamicIdLinkTest" time="6.178" classname="uitaptest.VerifyLinkTest"/>
  <testcase name="dynamicTableLinkTest" time="6.162" classname="uitaptest.VerifyLinkTest"/>
  <testcase name="hiddenLayerLinkTest" time="6.158" classname="uitaptest.VerifyLinkTest"/>
  <testcase name="homeHyperLinkTest" time="6.168" classname="uitaptest.VerifyLinkTest"/>
  <testcase name="logoHyperLinkTest" time="6.155" classname="uitaptest.VerifyLinkTest"/>
  <testcase name="overlappedLinkTest" time="6.201" classname="uitaptest.VerifyLinkTest"/>
  <testcase name="resourcesHyperLinkTest" time="6.211" classname="uitaptest.VerifyLinkTest"/>
  <testcase name="sampleAppLinkTest" time="6.219" classname="uitaptest.VerifyLinkTest"/>
  <testcase name="scrollBarsLinkTest" time="6.197" classname="uitaptest.VerifyLinkTest"/>
  <testcase name="visibilityLinkTest" time="6.165" classname="uitaptest.VerifyLinkTest"/>
</testsuite> <!-- com.UITAP Verification Link Tests -->
